app/build/outputs/logs/manifest-merger-debug-report.txt
-- Merging decision tree log ---
manifest
ADDED from src\main\AndroidManifest.xml:2:1-146:12
	package
		ADDED from src\main\AndroidManifest.xml:3:5-31
		INJECTED from src\main\AndroidManifest.xml
		INJECTED from src\main\AndroidManifest.xml
	android:versionName
		INJECTED from src\main\AndroidManifest.xml
		INJECTED from src\main\AndroidManifest.xml
	xmlns:android
		ADDED from src\main\AndroidManifest.xml:2:11-69
	android:versionCode
		INJECTED from src\main\AndroidManifest.xml
		INJECTED from src\main\AndroidManifest.xml
uses-permission#android.permission.INTERNET
ADDED from src\main\AndroidManifest.xml:5:5-67
	android:name
		ADDED from src\main\AndroidManifest.xml:5:22-64
uses-permission#android.permission.ACCESS_NETWORK_STATE
ADDED from src\main\AndroidManifest.xml:6:5-79
	android:name
		ADDED from src\main\AndroidManifest.xml:6:22-76
uses-permission#android.permission.ACCESS_FINE_LOCATION
ADDED from src\main\AndroidManifest.xml:7:5-79
	android:name
		ADDED from src\main\AndroidManifest.xml:7:22-76
uses-permission#android.permission.ACCESS_COARSE_LOCATION
ADDED from src\main\AndroidManifest.xml:8:5-81
	android:name
		ADDED from src\main\AndroidManifest.xml:8:22-78
uses-permission#android.permission.READ_PHONE_STATE
ADDED from src\main\AndroidManifest.xml:9:5-75
	android:name
		ADDED from src\main\AndroidManifest.xml:9:22-72
uses-permission#android.permission.READ_EXTERNAL_STORAGE
ADDED from src\main\AndroidManifest.xml:10:5-79
	android:name
		ADDED from src\main\AndroidManifest.xml:10:22-77
uses-permission#android.permission.WRITE_EXTERNAL_STORAGE
ADDED from src\main\AndroidManifest.xml:11:5-81
	android:name
		ADDED from src\main\AndroidManifest.xml:11:22-78
application
ADDED from src\main\AndroidManifest.xml:13:5-144:19
MERGED from [com.android.support:design:23.4.0] AndroidManifest.xml:22:5-20
MERGED from [com.android.support:appcompat-v7:23.4.0] AndroidManifest.xml:25:5-20
MERGED from [com.android.support:animated-vector-drawable:23.4.0] AndroidManifest.xml:7:5-20
MERGED from [com.android.support:support-vector-drawable:23.4.0] AndroidManifest.xml:7:5-20
MERGED from [com.android.support:support-v4:23.4.0] AndroidManifest.xml:22:5-20
MERGED from [com.facebook.stetho:stetho-okhttp3:1.4.1] AndroidManifest.xml:11:5-20
MERGED from [com.facebook.stetho:stetho:1.4.1] AndroidManifest.xml:11:5-20
MERGED from [com.github.gcacace:signature-pad:1.2.0] AndroidManifest.xml:11:5-20
	android:label
		ADDED from src\main\AndroidManifest.xml:16:9-41
	android:supportsRtl
		ADDED from src\main\AndroidManifest.xml:17:9-35
	android:allowBackup
		ADDED from src\main\AndroidManifest.xml:14:9-35
	android:icon
		ADDED from src\main\AndroidManifest.xml:15:9-43
	android:theme
		ADDED from src\main\AndroidManifest.xml:18:9-40
activity#com.jobreporting.views.AuthActivity
ADDED from src\main\AndroidManifest.xml:19:9-29:20
	android:screenOrientation
		ADDED from src\main\AndroidManifest.xml:22:13-49
	android:label
		ADDED from src\main\AndroidManifest.xml:21:13-45
	android:theme
		ADDED from src\main\AndroidManifest.xml:23:13-56
	android:name
		ADDED from src\main\AndroidManifest.xml:20:13-47
activity#com.jobreporting.views.HomeActivity
ADDED from src\main\AndroidManifest.xml:30:9-42:16
	android:screenOrientation
		ADDED from src\main\AndroidManifest.xml:33:13-49
	android:label
		ADDED from src\main\AndroidManifest.xml:32:13-56
	android:theme
		ADDED from src\main\AndroidManifest.xml:34:13-56
	android:name
		ADDED from src\main\AndroidManifest.xml:31:13-47
meta-data#android.support.PARENT_ACTIVITY
ADDED from src\main\AndroidManifest.xml:35:13-37:71
	android:value
		ADDED from src\main\AndroidManifest.xml:37:17-68
	android:name
		ADDED from src\main\AndroidManifest.xml:36:17-63
intent-filter#android.intent.action.MAIN+android.intent.category.LAUNCHER
ADDED from src\main\AndroidManifest.xml:38:9-41:25
action#android.intent.action.MAIN
ADDED from src\main\AndroidManifest.xml:39:13-65
	android:name
		ADDED from src\main\AndroidManifest.xml:39:21-62
category#android.intent.category.LAUNCHER
ADDED from src\main\AndroidManifest.xml:40:13-73
	android:name
		ADDED from src\main\AndroidManifest.xml:40:23-70
activity#com.jobreporting.views.CstmrMgmtActivity
ADDED from src\main\AndroidManifest.xml:44:5-53:16
	android:screenOrientation
		ADDED from src\main\AndroidManifest.xml:48:9-45
	android:label
		ADDED from src\main\AndroidManifest.xml:46:9-58
	android:parentActivityName
		ADDED from src\main\AndroidManifest.xml:47:9-57
	android:theme
		ADDED from src\main\AndroidManifest.xml:49:9-52
	android:name
		ADDED from src\main\AndroidManifest.xml:45:9-48
activity#com.jobreporting.views.CstmrDetailsActivity
ADDED from src\main\AndroidManifest.xml:55:5-64:16
	android:screenOrientation
		ADDED from src\main\AndroidManifest.xml:59:9-45
	android:label
		ADDED from src\main\AndroidManifest.xml:57:9-61
	android:parentActivityName
		ADDED from src\main\AndroidManifest.xml:58:9-62
	android:theme
		ADDED from src\main\AndroidManifest.xml:60:9-52
	android:name
		ADDED from src\main\AndroidManifest.xml:56:9-51
activity#com.jobreporting.views.PrdsMgmtActivity
ADDED from src\main\AndroidManifest.xml:68:5-77:16
	android:screenOrientation
		ADDED from src\main\AndroidManifest.xml:72:9-45
	android:label
		ADDED from src\main\AndroidManifest.xml:70:9-57
	android:parentActivityName
		ADDED from src\main\AndroidManifest.xml:71:9-57
	android:theme
		ADDED from src\main\AndroidManifest.xml:73:9-52
	android:name
		ADDED from src\main\AndroidManifest.xml:69:9-47
activity#com.jobreporting.views.PrdDetailsActivity
ADDED from src\main\AndroidManifest.xml:80:5-89:16
	android:screenOrientation
		ADDED from src\main\AndroidManifest.xml:84:9-45
	android:label
		ADDED from src\main\AndroidManifest.xml:82:9-59
	android:parentActivityName
		ADDED from src\main\AndroidManifest.xml:83:9-61
	android:theme
		ADDED from src\main\AndroidManifest.xml:85:9-52
	android:name
		ADDED from src\main\AndroidManifest.xml:81:9-49
activity#com.jobreporting.views.TskMgmtActivity
ADDED from src\main\AndroidManifest.xml:91:5-100:16
	android:screenOrientation
		ADDED from src\main\AndroidManifest.xml:95:9-45
	android:label
		ADDED from src\main\AndroidManifest.xml:93:9-56
	android:parentActivityName
		ADDED from src\main\AndroidManifest.xml:94:9-57
	android:theme
		ADDED from src\main\AndroidManifest.xml:96:9-52
	android:name
		ADDED from src\main\AndroidManifest.xml:92:9-46
activity#com.jobreporting.views.TskDetailsActivity
ADDED from src\main\AndroidManifest.xml:102:5-111:16
	android:screenOrientation
		ADDED from src\main\AndroidManifest.xml:106:9-45
	android:label
		ADDED from src\main\AndroidManifest.xml:104:9-59
	android:parentActivityName
		ADDED from src\main\AndroidManifest.xml:105:9-60
	android:theme
		ADDED from src\main\AndroidManifest.xml:107:9-52
	android:name
		ADDED from src\main\AndroidManifest.xml:103:9-49
activity#com.jobreporting.views.RptFormActivity
ADDED from src\main\AndroidManifest.xml:114:5-123:16
	android:screenOrientation
		ADDED from src\main\AndroidManifest.xml:118:9-45
	android:label
		ADDED from src\main\AndroidManifest.xml:116:9-56
	android:parentActivityName
		ADDED from src\main\AndroidManifest.xml:117:9-57
	android:theme
		ADDED from src\main\AndroidManifest.xml:119:9-52
	android:name
		ADDED from src\main\AndroidManifest.xml:115:9-46
activity#com.jobreporting.views.ServerErrorActivity
ADDED from src\main\AndroidManifest.xml:125:5-133:16
	android:screenOrientation
		ADDED from src\main\AndroidManifest.xml:128:9-45
	android:label
		ADDED from src\main\AndroidManifest.xml:127:9-60
	android:theme
		ADDED from src\main\AndroidManifest.xml:129:9-52
	android:name
		ADDED from src\main\AndroidManifest.xml:126:9-50
service#com.jobreporting.business.services.ReportDispatchService
ADDED from src\main\AndroidManifest.xml:135:5-72
	android:name
		ADDED from src\main\AndroidManifest.xml:135:14-69
service#com.jobreporting.business.services.SyncherService
ADDED from src\main\AndroidManifest.xml:136:5-65
	android:name
		ADDED from src\main\AndroidManifest.xml:136:14-62
service#com.jobreporting.business.services.ObraService
ADDED from src\main\AndroidManifest.xml:137:5-62
	android:name
		ADDED from src\main\AndroidManifest.xml:137:14-59
uses-sdk
INJECTED from src\main\AndroidManifest.xml reason: use-sdk injection requested
MERGED from [com.android.support:design:23.4.0] AndroidManifest.xml:20:5-43
MERGED from [com.android.support:recyclerview-v7:23.4.0] AndroidManifest.xml:20:5-43
MERGED from [com.android.support:appcompat-v7:23.4.0] AndroidManifest.xml:21:5-23:78
MERGED from [com.android.support:animated-vector-drawable:23.4.0] AndroidManifest.xml:5:5-44
MERGED from [com.android.support:support-vector-drawable:23.4.0] AndroidManifest.xml:5:5-43
MERGED from [com.android.support:support-v4:23.4.0] AndroidManifest.xml:20:5-43
MERGED from [com.facebook.stetho:stetho-okhttp3:1.4.1] AndroidManifest.xml:7:5-9:41
MERGED from [com.facebook.stetho:stetho:1.4.1] AndroidManifest.xml:7:5-9:41
MERGED from [com.github.gcacace:signature-pad:1.2.0] AndroidManifest.xml:7:5-9:41
	tools:overrideLibrary
		ADDED from [com.android.support:appcompat-v7:23.4.0] AndroidManifest.xml:23:9-75
	android:targetSdkVersion
		INJECTED from src\main\AndroidManifest.xml
		INJECTED from src\main\AndroidManifest.xml
	android:minSdkVersion
		INJECTED from src\main\AndroidManifest.xml
		INJECTED from src\main\AndroidManifest.xml